app/build/outputs/logs/manifest-merger-release-report.txt
-- Merging decision tree log ---
manifest
ADDED from src\main\AndroidManifest.xml:2:1-36:12
INJECTED from src\main\AndroidManifest.xml:2:1-36:12
INJECTED from src\main\AndroidManifest.xml:2:1-36:12
INJECTED from src\main\AndroidManifest.xml:2:1-36:12
MERGED from [com.android.support:design:26.0.1] AndroidManifest.xml:17:1-31:12
MERGED from [com.android.support:appcompat-v7:26.0.1] AndroidManifest.xml:17:1-31:12
MERGED from [com.android.support:transition:26.0.1] AndroidManifest.xml:17:1-28:12
MERGED from [com.google.android.gms:play-services-vision:11.8.0] AndroidManifest.xml:2:1-9:12
MERGED from [com.google.android.gms:play-services-vision-common:11.8.0] AndroidManifest.xml:2:1-9:12
MERGED from [com.google.android.gms:play-services-base:11.8.0] AndroidManifest.xml:17:1-29:12
MERGED from [com.google.android.gms:play-services-tasks:11.8.0] AndroidManifest.xml:2:1-9:12
MERGED from [com.google.android.gms:play-services-basement:11.8.0] AndroidManifest.xml:17:1-28:12
MERGED from [com.android.support:support-v4:26.0.1] AndroidManifest.xml:17:1-31:12
MERGED from [com.android.support:multidex:1.0.2] AndroidManifest.xml:17:1-22:12
MERGED from [com.android.support:support-media-compat:26.0.1] AndroidManifest.xml:17:1-31:12
MERGED from [com.android.support:support-fragment:26.0.1] AndroidManifest.xml:17:1-31:12
MERGED from [com.android.support:support-core-utils:26.0.1] AndroidManifest.xml:17:1-31:12
MERGED from [com.android.support:recyclerview-v7:26.0.1] AndroidManifest.xml:17:1-28:12
MERGED from [com.android.support:animated-vector-drawable:26.0.1] AndroidManifest.xml:17:1-28:12
MERGED from [com.android.support:support-core-ui:26.0.1] AndroidManifest.xml:17:1-31:12
MERGED from [com.android.support:support-vector-drawable:26.0.1] AndroidManifest.xml:17:1-28:12
MERGED from [com.android.support:support-compat:26.0.1] AndroidManifest.xml:17:1-31:12
MERGED from [com.google.android.gms:play-services-vision-license:11.8.0] AndroidManifest.xml:2:1-6:12
MERGED from [com.google.android.gms:play-services-base-license:11.8.0] AndroidManifest.xml:2:1-6:12
MERGED from [com.google.android.gms:play-services-basement-license:11.8.0] AndroidManifest.xml:2:1-6:12
MERGED from [com.google.android.gms:play-services-vision-common-license:11.8.0] AndroidManifest.xml:2:1-6:12
MERGED from [com.google.android.gms:play-services-tasks-license:11.8.0] AndroidManifest.xml:2:1-6:12
INJECTED from src\main\AndroidManifest.xml:2:1-36:12
INJECTED from src\main\AndroidManifest.xml:2:1-36:12
INJECTED from src\main\AndroidManifest.xml:2:1-36:12
	package
		ADDED from src\main\AndroidManifest.xml:3:5-62
		INJECTED from src\main\AndroidManifest.xml
		INJECTED from src\main\AndroidManifest.xml
	android:versionName
		INJECTED from src\main\AndroidManifest.xml
		ADDED from src\main\AndroidManifest.xml:2:1-36:12
		INJECTED from src\main\AndroidManifest.xml
	android:versionCode
		INJECTED from src\main\AndroidManifest.xml
		ADDED from src\main\AndroidManifest.xml:2:1-36:12
		INJECTED from src\main\AndroidManifest.xml
	xmlns:android
		ADDED from src\main\AndroidManifest.xml:2:11-69
	android:installLocation
		ADDED from src\main\AndroidManifest.xml:4:5-35
uses-permission#android.permission.RECORD_AUDIO
ADDED from src\main\AndroidManifest.xml:6:5-71
	android:name
		ADDED from src\main\AndroidManifest.xml:6:22-68
uses-permission#android.permission.INTERNET
ADDED from src\main\AndroidManifest.xml:8:5-67
	android:name
		ADDED from src\main\AndroidManifest.xml:8:22-64
uses-permission#android.permission.WRITE_EXTERNAL_STORAGE
ADDED from src\main\AndroidManifest.xml:9:5-80
	android:name
		ADDED from src\main\AndroidManifest.xml:9:22-78
uses-feature#android.hardware.camera
ADDED from src\main\AndroidManifest.xml:11:5-60
	android:name
		ADDED from src\main\AndroidManifest.xml:11:19-57
uses-permission#android.permission.CAMERA
ADDED from src\main\AndroidManifest.xml:12:5-65
	android:name
		ADDED from src\main\AndroidManifest.xml:12:22-62
application
ADDED from src\main\AndroidManifest.xml:15:5-34:19
MERGED from [com.android.support:design:26.0.1] AndroidManifest.xml:25:5-29:19
MERGED from [com.android.support:design:26.0.1] AndroidManifest.xml:25:5-29:19
MERGED from [com.android.support:appcompat-v7:26.0.1] AndroidManifest.xml:25:5-29:19
MERGED from [com.android.support:appcompat-v7:26.0.1] AndroidManifest.xml:25:5-29:19
MERGED from [com.android.support:transition:26.0.1] AndroidManifest.xml:22:5-26:19
MERGED from [com.android.support:transition:26.0.1] AndroidManifest.xml:22:5-26:19
MERGED from [com.google.android.gms:play-services-vision:11.8.0] AndroidManifest.xml:7:5-20
MERGED from [com.google.android.gms:play-services-vision:11.8.0] AndroidManifest.xml:7:5-20
MERGED from [com.google.android.gms:play-services-vision-common:11.8.0] AndroidManifest.xml:7:5-20
MERGED from [com.google.android.gms:play-services-vision-common:11.8.0] AndroidManifest.xml:7:5-20
MERGED from [com.google.android.gms:play-services-base:11.8.0] AndroidManifest.xml:22:5-27:19
MERGED from [com.google.android.gms:play-services-base:11.8.0] AndroidManifest.xml:22:5-27:19
MERGED from [com.google.android.gms:play-services-tasks:11.8.0] AndroidManifest.xml:7:5-20
MERGED from [com.google.android.gms:play-services-tasks:11.8.0] AndroidManifest.xml:7:5-20
MERGED from [com.google.android.gms:play-services-basement:11.8.0] AndroidManifest.xml:22:5-26:19
MERGED from [com.google.android.gms:play-services-basement:11.8.0] AndroidManifest.xml:22:5-26:19
MERGED from [com.android.support:support-v4:26.0.1] AndroidManifest.xml:25:5-29:19
MERGED from [com.android.support:support-v4:26.0.1] AndroidManifest.xml:25:5-29:19
MERGED from [com.android.support:support-media-compat:26.0.1] AndroidManifest.xml:25:5-29:19
MERGED from [com.android.support:support-media-compat:26.0.1] AndroidManifest.xml:25:5-29:19
MERGED from [com.android.support:support-fragment:26.0.1] AndroidManifest.xml:25:5-29:19
MERGED from [com.android.support:support-fragment:26.0.1] AndroidManifest.xml:25:5-29:19
MERGED from [com.android.support:support-core-utils:26.0.1] AndroidManifest.xml:25:5-29:19
MERGED from [com.android.support:support-core-utils:26.0.1] AndroidManifest.xml:25:5-29:19
MERGED from [com.android.support:recyclerview-v7:26.0.1] AndroidManifest.xml:22:5-26:19
MERGED from [com.android.support:recyclerview-v7:26.0.1] AndroidManifest.xml:22:5-26:19
MERGED from [com.android.support:animated-vector-drawable:26.0.1] AndroidManifest.xml:22:5-26:19
MERGED from [com.android.support:animated-vector-drawable:26.0.1] AndroidManifest.xml:22:5-26:19
MERGED from [com.android.support:support-core-ui:26.0.1] AndroidManifest.xml:25:5-29:19
MERGED from [com.android.support:support-core-ui:26.0.1] AndroidManifest.xml:25:5-29:19
MERGED from [com.android.support:support-vector-drawable:26.0.1] AndroidManifest.xml:22:5-26:19
MERGED from [com.android.support:support-vector-drawable:26.0.1] AndroidManifest.xml:22:5-26:19
MERGED from [com.android.support:support-compat:26.0.1] AndroidManifest.xml:25:5-29:19
MERGED from [com.android.support:support-compat:26.0.1] AndroidManifest.xml:25:5-29:19
MERGED from [com.google.android.gms:play-services-vision-license:11.8.0] AndroidManifest.xml:5:5-20
MERGED from [com.google.android.gms:play-services-vision-license:11.8.0] AndroidManifest.xml:5:5-20
MERGED from [com.google.android.gms:play-services-base-license:11.8.0] AndroidManifest.xml:5:5-20
MERGED from [com.google.android.gms:play-services-base-license:11.8.0] AndroidManifest.xml:5:5-20
MERGED from [com.google.android.gms:play-services-basement-license:11.8.0] AndroidManifest.xml:5:5-20
MERGED from [com.google.android.gms:play-services-basement-license:11.8.0] AndroidManifest.xml:5:5-20
MERGED from [com.google.android.gms:play-services-vision-common-license:11.8.0] AndroidManifest.xml:5:5-20
MERGED from [com.google.android.gms:play-services-vision-common-license:11.8.0] AndroidManifest.xml:5:5-20
MERGED from [com.google.android.gms:play-services-tasks-license:11.8.0] AndroidManifest.xml:5:5-20
MERGED from [com.google.android.gms:play-services-tasks-license:11.8.0] AndroidManifest.xml:5:5-20
	android:supportsRtl
		ADDED from src\main\AndroidManifest.xml:21:9-37
	android:label
		ADDED from src\main\AndroidManifest.xml:20:9-37
	android:hardwareAccelerated
		ADDED from src\main\AndroidManifest.xml:18:9-43
	android:fullBackupContent
		ADDED from src\main\AndroidManifest.xml:17:9-42
	android:icon
		ADDED from src\main\AndroidManifest.xml:19:9-38
	android:allowBackup
		ADDED from src\main\AndroidManifest.xml:16:9-35
	android:theme
		ADDED from src\main\AndroidManifest.xml:22:9-47
meta-data#com.google.android.gms.vision.DEPENDENCIES
ADDED from src\main\AndroidManifest.xml:23:9-25:35
	android:value
		ADDED from src\main\AndroidManifest.xml:25:13-32
	android:name
		ADDED from src\main\AndroidManifest.xml:24:13-70
activity#com.google.android.gms.samples.vision.ocrreader.OcrCaptureActivity
ADDED from src\main\AndroidManifest.xml:27:9-33:20
	android:label
		ADDED from src\main\AndroidManifest.xml:28:13-38
	android:name
		ADDED from src\main\AndroidManifest.xml:27:19-100
intent-filter#action:name:android.intent.action.MAIN+category:name:android.intent.category.LAUNCHER
ADDED from src\main\AndroidManifest.xml:29:13-32:29
action#android.intent.action.MAIN
ADDED from src\main\AndroidManifest.xml:30:17-69
	android:name
		ADDED from src\main\AndroidManifest.xml:30:25-66
category#android.intent.category.LAUNCHER
ADDED from src\main\AndroidManifest.xml:31:17-77
	android:name
		ADDED from src\main\AndroidManifest.xml:31:27-74
uses-sdk
INJECTED from src\main\AndroidManifest.xml reason: use-sdk injection requested
INJECTED from src\main\AndroidManifest.xml
INJECTED from src\main\AndroidManifest.xml
MERGED from [com.android.support:design:26.0.1] AndroidManifest.xml:21:5-23:62
MERGED from [com.android.support:design:26.0.1] AndroidManifest.xml:21:5-23:62
MERGED from [com.android.support:appcompat-v7:26.0.1] AndroidManifest.xml:21:5-23:78
MERGED from [com.android.support:appcompat-v7:26.0.1] AndroidManifest.xml:21:5-23:78
MERGED from [com.android.support:transition:26.0.1] AndroidManifest.xml:20:5-44
MERGED from [com.android.support:transition:26.0.1] AndroidManifest.xml:20:5-44
MERGED from [com.google.android.gms:play-services-vision:11.8.0] AndroidManifest.xml:5:5-44
MERGED from [com.google.android.gms:play-services-vision:11.8.0] AndroidManifest.xml:5:5-44
MERGED from [com.google.android.gms:play-services-vision-common:11.8.0] AndroidManifest.xml:5:5-44
MERGED from [com.google.android.gms:play-services-vision-common:11.8.0] AndroidManifest.xml:5:5-44
MERGED from [com.google.android.gms:play-services-base:11.8.0] AndroidManifest.xml:20:5-44
MERGED from [com.google.android.gms:play-services-base:11.8.0] AndroidManifest.xml:20:5-44
MERGED from [com.google.android.gms:play-services-tasks:11.8.0] AndroidManifest.xml:5:5-44
MERGED from [com.google.android.gms:play-services-tasks:11.8.0] AndroidManifest.xml:5:5-44
MERGED from [com.google.android.gms:play-services-basement:11.8.0] AndroidManifest.xml:20:5-44
MERGED from [com.google.android.gms:play-services-basement:11.8.0] AndroidManifest.xml:20:5-44
MERGED from [com.android.support:support-v4:26.0.1] AndroidManifest.xml:21:5-23:54
MERGED from [com.android.support:support-v4:26.0.1] AndroidManifest.xml:21:5-23:54
MERGED from [com.android.support:multidex:1.0.2] AndroidManifest.xml:20:5-43
MERGED from [com.android.support:multidex:1.0.2] AndroidManifest.xml:20:5-43
MERGED from [com.android.support:support-media-compat:26.0.1] AndroidManifest.xml:21:5-23:63
MERGED from [com.android.support:support-media-compat:26.0.1] AndroidManifest.xml:21:5-23:63
MERGED from [com.android.support:support-fragment:26.0.1] AndroidManifest.xml:21:5-23:60
MERGED from [com.android.support:support-fragment:26.0.1] AndroidManifest.xml:21:5-23:60
MERGED from [com.android.support:support-core-utils:26.0.1] AndroidManifest.xml:21:5-23:61
MERGED from [com.android.support:support-core-utils:26.0.1] AndroidManifest.xml:21:5-23:61
MERGED from [com.android.support:recyclerview-v7:26.0.1] AndroidManifest.xml:20:5-44
MERGED from [com.android.support:recyclerview-v7:26.0.1] AndroidManifest.xml:20:5-44
MERGED from [com.android.support:animated-vector-drawable:26.0.1] AndroidManifest.xml:20:5-44
MERGED from [com.android.support:animated-vector-drawable:26.0.1] AndroidManifest.xml:20:5-44
MERGED from [com.android.support:support-core-ui:26.0.1] AndroidManifest.xml:21:5-23:58
MERGED from [com.android.support:support-core-ui:26.0.1] AndroidManifest.xml:21:5-23:58
MERGED from [com.android.support:support-vector-drawable:26.0.1] AndroidManifest.xml:20:5-44
MERGED from [com.android.support:support-vector-drawable:26.0.1] AndroidManifest.xml:20:5-44
MERGED from [com.android.support:support-compat:26.0.1] AndroidManifest.xml:21:5-23:58
MERGED from [com.android.support:support-compat:26.0.1] AndroidManifest.xml:21:5-23:58
MERGED from [com.google.android.gms:play-services-vision-license:11.8.0] AndroidManifest.xml:4:5-43
MERGED from [com.google.android.gms:play-services-vision-license:11.8.0] AndroidManifest.xml:4:5-43
MERGED from [com.google.android.gms:play-services-base-license:11.8.0] AndroidManifest.xml:4:5-43
MERGED from [com.google.android.gms:play-services-base-license:11.8.0] AndroidManifest.xml:4:5-43
MERGED from [com.google.android.gms:play-services-basement-license:11.8.0] AndroidManifest.xml:4:5-43
MERGED from [com.google.android.gms:play-services-basement-license:11.8.0] AndroidManifest.xml:4:5-43
MERGED from [com.google.android.gms:play-services-vision-common-license:11.8.0] AndroidManifest.xml:4:5-43
MERGED from [com.google.android.gms:play-services-vision-common-license:11.8.0] AndroidManifest.xml:4:5-43
MERGED from [com.google.android.gms:play-services-tasks-license:11.8.0] AndroidManifest.xml:4:5-43
MERGED from [com.google.android.gms:play-services-tasks-license:11.8.0] AndroidManifest.xml:4:5-43
INJECTED from src\main\AndroidManifest.xml
INJECTED from src\main\AndroidManifest.xml
	tools:overrideLibrary
		ADDED from [com.android.support:design:26.0.1] AndroidManifest.xml:23:9-59
	android:targetSdkVersion
		INJECTED from src\main\AndroidManifest.xml
		ADDED from src\main\AndroidManifest.xml
		INJECTED from src\main\AndroidManifest.xml
	android:minSdkVersion
		INJECTED from src\main\AndroidManifest.xml
		ADDED from src\main\AndroidManifest.xml
		INJECTED from src\main\AndroidManifest.xml
meta-data#android.support.VERSION
ADDED from [com.android.support:design:26.0.1] AndroidManifest.xml:26:9-28:38
MERGED from [com.android.support:appcompat-v7:26.0.1] AndroidManifest.xml:26:9-28:38
MERGED from [com.android.support:appcompat-v7:26.0.1] AndroidManifest.xml:26:9-28:38
MERGED from [com.android.support:transition:26.0.1] AndroidManifest.xml:23:9-25:38
MERGED from [com.android.support:transition:26.0.1] AndroidManifest.xml:23:9-25:38
MERGED from [com.android.support:support-v4:26.0.1] AndroidManifest.xml:26:9-28:38
MERGED from [com.android.support:support-v4:26.0.1] AndroidManifest.xml:26:9-28:38
MERGED from [com.android.support:support-media-compat:26.0.1] AndroidManifest.xml:26:9-28:38
MERGED from [com.android.support:support-media-compat:26.0.1] AndroidManifest.xml:26:9-28:38
MERGED from [com.android.support:support-fragment:26.0.1] AndroidManifest.xml:26:9-28:38
MERGED from [com.android.support:support-fragment:26.0.1] AndroidManifest.xml:26:9-28:38
MERGED from [com.android.support:support-core-utils:26.0.1] AndroidManifest.xml:26:9-28:38
MERGED from [com.android.support:support-core-utils:26.0.1] AndroidManifest.xml:26:9-28:38
MERGED from [com.android.support:recyclerview-v7:26.0.1] AndroidManifest.xml:23:9-25:38
MERGED from [com.android.support:recyclerview-v7:26.0.1] AndroidManifest.xml:23:9-25:38
MERGED from [com.android.support:animated-vector-drawable:26.0.1] AndroidManifest.xml:23:9-25:38
MERGED from [com.android.support:animated-vector-drawable:26.0.1] AndroidManifest.xml:23:9-25:38
MERGED from [com.android.support:support-core-ui:26.0.1] AndroidManifest.xml:26:9-28:38
MERGED from [com.android.support:support-core-ui:26.0.1] AndroidManifest.xml:26:9-28:38
MERGED from [com.android.support:support-vector-drawable:26.0.1] AndroidManifest.xml:23:9-25:38
MERGED from [com.android.support:support-vector-drawable:26.0.1] AndroidManifest.xml:23:9-25:38
MERGED from [com.android.support:support-compat:26.0.1] AndroidManifest.xml:26:9-28:38
MERGED from [com.android.support:support-compat:26.0.1] AndroidManifest.xml:26:9-28:38
	android:value
		ADDED from [com.android.support:design:26.0.1] AndroidManifest.xml:28:13-35
	android:name
		ADDED from [com.android.support:design:26.0.1] AndroidManifest.xml:27:13-51
activity#com.google.android.gms.common.api.GoogleApiActivity
ADDED from [com.google.android.gms:play-services-base:11.8.0] AndroidManifest.xml:23:9-26:75
	android:exported
		ADDED from [com.google.android.gms:play-services-base:11.8.0] AndroidManifest.xml:25:13-37
	android:theme
		ADDED from [com.google.android.gms:play-services-base:11.8.0] AndroidManifest.xml:26:13-72
	android:name
		ADDED from [com.google.android.gms:play-services-base:11.8.0] AndroidManifest.xml:24:13-79
meta-data#com.google.android.gms.version
ADDED from [com.google.android.gms:play-services-basement:11.8.0] AndroidManifest.xml:23:9-25:69
	android:value
		ADDED from [com.google.android.gms:play-services-basement:11.8.0] AndroidManifest.xml:25:13-66
	android:name
		ADDED from [com.google.android.gms:play-services-basement:11.8.0] AndroidManifest.xml:24:13-58